<?xml version="1.0" encoding="UTF-8"?>
<testng-results ignored="0" total="2" passed="2" failed="0" skipped="0">
  <reporter-output>
  </reporter-output>
  <suite started-at="2024-05-05T20:15:30 IST" name="Default suite" finished-at="2024-05-05T20:16:19 IST" duration-ms="49246">
    <groups>
    </groups>
    <test started-at="2024-05-05T20:15:30 IST" name="Default test" finished-at="2024-05-05T20:16:19 IST" duration-ms="49246">
      <class name="mar11.AdvanceReports">
        <test-method is-config="true" signature="generateReport()[pri:0, instance:mar11.AdvanceReports@22555ebf]" started-at="2024-05-05T20:15:30 IST" name="generateReport" finished-at="2024-05-05T20:15:31 IST" duration-ms="612" status="PASS">
          <reporter-output>
          </reporter-output>
        </test-method> <!-- generateReport -->
        <test-method is-config="true" signature="setUp()[pri:0, instance:mar11.AdvanceReports@22555ebf]" started-at="2024-05-05T20:15:31 IST" name="setUp" finished-at="2024-05-05T20:16:04 IST" duration-ms="33395" status="PASS">
          <reporter-output>
          </reporter-output>
        </test-method> <!-- setUp -->
        <test-method signature="failTest()[pri:0, instance:mar11.AdvanceReports@22555ebf]" started-at="2024-05-05T20:16:04 IST" name="failTest" finished-at="2024-05-05T20:16:04 IST" duration-ms="411" status="PASS">
          <reporter-output>
          </reporter-output>
        </test-method> <!-- failTest -->
        <test-method is-config="true" signature="tearDown()[pri:0, instance:mar11.AdvanceReports@22555ebf]" started-at="2024-05-05T20:16:04 IST" name="tearDown" finished-at="2024-05-05T20:16:06 IST" duration-ms="1654" status="PASS">
          <reporter-output>
          </reporter-output>
        </test-method> <!-- tearDown -->
        <test-method is-config="true" signature="setUp()[pri:0, instance:mar11.AdvanceReports@22555ebf]" started-at="2024-05-05T20:16:06 IST" name="setUp" finished-at="2024-05-05T20:16:18 IST" duration-ms="12229" status="PASS">
          <reporter-output>
          </reporter-output>
        </test-method> <!-- setUp -->
        <test-method signature="passTest()[pri:0, instance:mar11.AdvanceReports@22555ebf]" started-at="2024-05-05T20:16:18 IST" name="passTest" finished-at="2024-05-05T20:16:18 IST" duration-ms="24" status="PASS">
          <reporter-output>
          </reporter-output>
        </test-method> <!-- passTest -->
        <test-method is-config="true" signature="tearDown()[pri:0, instance:mar11.AdvanceReports@22555ebf]" started-at="2024-05-05T20:16:18 IST" name="tearDown" finished-at="2024-05-05T20:16:19 IST" duration-ms="797" status="PASS">
          <reporter-output>
          </reporter-output>
        </test-method> <!-- tearDown -->
      </class> <!-- mar11.AdvanceReports -->
    </test> <!-- Default test -->
  </suite> <!-- Default suite -->
</testng-results>
